Arguments: 
  C:\Program Files\nodejs\node.exe C:\Program Files\Yarn\bin\yarn.js add bootstrap

PATH: 
  C:\Users\Mi\AppData\Roaming\npm;C:\Program Files\nodejs\;C:\Windows\System32;C:\WINDOWS\system32\WindowsPowerShell\v1.0;C:\Program Files\MongoDB\Server\3.2\bin;C:\Program Files\Microsoft VS Code\bin;C:\Program Files\Yarn\bin\;C:\Program Files\nodejs\

Yarn version: 
  1.17.3

Node version: 
  10.16.2

Platform: 
  win32 ia32

Trace: 
  Error: read ECONNRESET
      at TLSWrap.onStreamRead (internal/stream_base_commons.js:111:27)

npm manifest: 
  {
    "name": "recruit",
    "version": "1.0.0",
    "description": "Recruit form",
    "main": "index.js",
    "scripts": {
      "test": "echo \"Error: no test specified\" && exit 1"
    },
    "repository": {
      "type": "git",
      "url": "git+https://github.com/miracleonyenma/recruit.git"
    },
    "keywords": [
      "Recruit"
    ],
    "author": "Alphas",
    "license": "ISC",
    "bugs": {
      "url": "https://github.com/miracleonyenma/recruit/issues"
    },
    "homepage": "https://github.com/miracleonyenma/recruit#readme",
    "dependencies": {
      "body-parser": "^1.19.0",
      "express": "^4.17.1",
      "mongoose": "^5.7.0",
      "pug": "^2.0.4"
    }
  }

yarn manifest: 
  No manifest

Lockfile: 
  No lockfile
